#
# A fatal error has been detected by the Java Runtime Environment:
#
#  EXCEPTION_ACCESS_VIOLATION (0xc0000005) at pc=0x00007ffc5639d300, pid=11784, tid=0x0000000000002b44
#
# JRE version: Java(TM) SE Runtime Environment (8.0_161-b12) (build 1.8.0_161-b12)
# Java VM: Java HotSpot(TM) 64-Bit Server VM (25.161-b12 mixed mode windows-amd64 compressed oops)
# Problematic frame:
# C  [ig9icd64.dll+0x49d300]
#
# Failed to write core dump. Minidumps are not enabled by default on client versions of Windows
#
# If you would like to submit a bug report, please visit:
#   http://bugreport.java.com/bugreport/crash.jsp
# The crash happened outside the Java Virtual Machine in native code.
# See problematic frame for where to report the bug.
#

---------------  T H R E A D  ---------------

Current thread (0x000000001ca6e000):  JavaThread "LWJGL Application" [_thread_in_native, id=11076, stack(0x000000001d720000,0x000000001d820000)]

siginfo: ExceptionCode=0xc0000005, reading address 0x000000002fc41000

Registers:
RAX=0x00000000000003c1, RBX=0x000000001ec25180, RCX=0x0000000025262028, RDX=0x000000002fc41000
RSP=0x000000001d81c3b8, RBP=0x000000001d81c4c0, RSI=0x00007ffc5639d2f0, RDI=0x000000002fc40088
R8 =0x000000000000fcbb, R9 =0x0000000000000014, R10=0x0000000000000000, R11=0x00000000275406f8
R12=0x000000000003f604, R13=0x0000000025261d10, R14=0x0000000000000000, R15=0x0000000027707210
RIP=0x00007ffc5639d300, EFLAGS=0x0000000000010206

Top of Stack: (sp=0x000000001d81c3b8)
0x000000001d81c3b8:   00007ffc561a6ae3 000000001ec25180
0x000000001d81c3c8:   000000001d81c4c0 0000000000000006
0x000000001d81c3d8:   000000001ec4bbb0 0000000000000404
0x000000001d81c3e8:   0000000027a4fe00 0000000027a4fe00
0x000000001d81c3f8:   0000000027a4feb0 0000000000000000
0x000000001d81c408:   0000000100000000 ffffffff00006a11
0x000000001d81c418:   0000000000000000 000000001f551370
0x000000001d81c428:   00007ffcaef42900 000000001d81c401
0x000000001d81c438:   000000001ecfbf30 00000000ffffffff
0x000000001d81c448:   000000000138ba00 0000000000000000
0x000000001d81c458:   0000000027cf00e0 000000000000fd81
0x000000001d81c468:   0000000027cf00c0 0000000000000000
0x000000001d81c478:   0000000000000404 0000000000000000
0x000000001d81c488:   000000007b006a11 000000001ec4bbe0
0x000000001d81c498:   00000000c70004c3 0000000080001100
0x000000001d81c4a8:   00000000275406f8 0000000027a1b0a0 

Instructions: (pc=0x00007ffc5639d300)
0x00007ffc5639d2e0:   03 d1 66 44 89 41 fe 48 83 e8 01 75 e3 c3 cc cc
0x00007ffc5639d2f0:   45 85 c0 74 1c 45 8b c9 45 8b c0 0f 1f 44 00 00
0x00007ffc5639d300:   8b 02 49 03 d1 89 01 48 8d 49 04 49 83 e8 01 75
0x00007ffc5639d310:   ef c3 cc cc cc cc cc cc cc cc cc cc cc cc cc cc 


Register to memory mapping:

RAX=0x00000000000003c1 is an unknown value
RBX=0x000000001ec25180 is an unknown value
RCX=0x0000000025262028 is an unknown value
RDX=0x000000002fc41000 is an unknown value
RSP=0x000000001d81c3b8 is pointing into the stack for thread: 0x000000001ca6e000
RBP=0x000000001d81c4c0 is pointing into the stack for thread: 0x000000001ca6e000
RSI=0x00007ffc5639d2f0 is an unknown value
RDI=0x000000002fc40088 is an unknown value
R8 =0x000000000000fcbb is an unknown value
R9 =0x0000000000000014 is an unknown value
R10=0x0000000000000000 is an unknown value
R11=0x00000000275406f8 is an unknown value
R12=0x000000000003f604 is an unknown value
R13=0x0000000025261d10 is an unknown value
R14=0x0000000000000000 is an unknown value
R15=0x0000000027707210 is an unknown value


Stack: [0x000000001d720000,0x000000001d820000],  sp=0x000000001d81c3b8,  free space=1008k
Native frames: (J=compiled Java code, j=interpreted, Vv=VM code, C=native code)
C  [ig9icd64.dll+0x49d300]

Java frames: (J=compiled Java code, j=interpreted, Vv=VM code)
j  org.lwjgl.opengl.GL11.nglDrawElements(IIIJJ)V+0
j  org.lwjgl.opengl.GL11.glDrawElements(ILjava/nio/ShortBuffer;)V+34
j  com.badlogic.gdx.backends.lwjgl.LwjglGL20.glDrawElements(IIILjava/nio/Buffer;)V+21
j  com.badlogic.gdx.graphics.Mesh.render(Lcom/badlogic/gdx/graphics/glutils/ShaderProgram;IIIZ)V+88
j  com.badlogic.gdx.graphics.Mesh.render(Lcom/badlogic/gdx/graphics/glutils/ShaderProgram;III)V+10
j  com.badlogic.gdx.graphics.g2d.SpriteBatch.flush()V+184
j  com.badlogic.gdx.graphics.g2d.SpriteBatch.end()V+25
j  com.game.zombies.CharacterSelectScreen.render(F)V+170
j  com.badlogic.gdx.Game.render()V+19
j  com.game.zombies.ZombieGame.render()V+1
j  com.badlogic.gdx.backends.lwjgl.LwjglApplication.mainLoop()V+698
j  com.badlogic.gdx.backends.lwjgl.LwjglApplication$1.run()V+27
v  ~StubRoutines::call_stub

---------------  P R O C E S S  ---------------

Java Threads: ( => current thread )
  0x000000001ce6b800 JavaThread "AWT-Windows" daemon [_thread_in_native, id=13516, stack(0x00000000320d0000,0x00000000321d0000)]
  0x000000001ce6b000 JavaThread "AWT-Shutdown" [_thread_blocked, id=12868, stack(0x0000000031fd0000,0x00000000320d0000)]
  0x000000001ce68800 JavaThread "Java2D Disposer" daemon [_thread_blocked, id=11484, stack(0x0000000031ed0000,0x0000000031fd0000)]
  0x000000001ce0b800 JavaThread "LWJGL Timer" daemon [_thread_blocked, id=9368, stack(0x00000000285f0000,0x00000000286f0000)]
  0x0000000003455800 JavaThread "DestroyJavaVM" [_thread_blocked, id=10004, stack(0x0000000003250000,0x0000000003350000)]
=>0x000000001ca6e000 JavaThread "LWJGL Application" [_thread_in_native, id=11076, stack(0x000000001d720000,0x000000001d820000)]
  0x000000001bde9800 JavaThread "Service Thread" daemon [_thread_blocked, id=9568, stack(0x000000001c440000,0x000000001c540000)]
  0x000000001bd74800 JavaThread "C1 CompilerThread2" daemon [_thread_blocked, id=12536, stack(0x000000001c340000,0x000000001c440000)]
  0x000000001bd73000 JavaThread "C2 CompilerThread1" daemon [_thread_blocked, id=7228, stack(0x000000001c240000,0x000000001c340000)]
  0x000000001bd72800 JavaThread "C2 CompilerThread0" daemon [_thread_blocked, id=11520, stack(0x000000001c140000,0x000000001c240000)]
  0x000000001a64e000 JavaThread "Monitor Ctrl-Break" daemon [_thread_in_native, id=11424, stack(0x000000001c040000,0x000000001c140000)]
  0x000000001a5f1000 JavaThread "Attach Listener" daemon [_thread_blocked, id=9980, stack(0x000000001bb40000,0x000000001bc40000)]
  0x000000001a5ef800 JavaThread "Signal Dispatcher" daemon [_thread_blocked, id=6680, stack(0x000000001ba40000,0x000000001bb40000)]
  0x000000001a5de800 JavaThread "Finalizer" daemon [_thread_blocked, id=5540, stack(0x000000001b850000,0x000000001b950000)]
  0x0000000003545000 JavaThread "Reference Handler" daemon [_thread_blocked, id=11924, stack(0x000000001b750000,0x000000001b850000)]

Other Threads:
  0x000000001a5b7800 VMThread [stack: 0x000000001b650000,0x000000001b750000] [id=4420]
  0x000000001beaa000 WatcherThread [stack: 0x000000001c540000,0x000000001c640000] [id=8920]

VM state:not at safepoint (normal execution)

VM Mutex/Monitor currently owned by a thread: None

Heap:
 PSYoungGen      total 57344K, used 30737K [0x0000000780800000, 0x0000000784800000, 0x00000007c0000000)
  eden space 49152K, 62% used [0x0000000780800000,0x0000000782604770,0x0000000783800000)
  from space 8192K, 0% used [0x0000000784000000,0x0000000784000000,0x0000000784800000)
  to   space 8192K, 0% used [0x0000000783800000,0x0000000783800000,0x0000000784000000)
 ParOldGen       total 131072K, used 0K [0x0000000701800000, 0x0000000709800000, 0x0000000780800000)
  object space 131072K, 0% used [0x0000000701800000,0x0000000701800000,0x0000000709800000)
 Metaspace       used 10265K, capacity 10395K, committed 10624K, reserved 1058816K
  class space    used 1027K, capacity 1088K, committed 1152K, reserved 1048576K

Card table byte_map: [0x0000000012910000,0x0000000012f10000] byte_map_base: 0x000000000f104000

Marking Bits: (ParMarkBitMap*) 0x0000000056e9f860
 Begin Bits: [0x0000000013710000, 0x00000000166b0000)
 End Bits:   [0x00000000166b0000, 0x0000000019650000)

Polling page: 0x0000000001360000

CodeCache: size=245760Kb used=3442Kb max_used=3458Kb free=242317Kb
 bounds [0x0000000003550000, 0x00000000038c0000, 0x0000000012550000]
 total_blobs=1312 nmethods=784 adapters=441
 compilation: enabled

Compilation events (10 events):
Event: 3.869 Thread 0x000000001bd74800  781       3       com.badlogic.gdx.scenes.scene2d.ui.Value$Fixed::get (5 bytes)
Event: 3.869 Thread 0x000000001bd74800 nmethod 781 0x00000000038a4390 code [0x00000000038a44e0, 0x00000000038a4630]
Event: 3.869 Thread 0x000000001bd74800  782       1       com.badlogic.gdx.graphics.glutils.IndexArray::getBuffer (5 bytes)
Event: 3.869 Thread 0x000000001bd74800 nmethod 782 0x00000000038a69d0 code [0x00000000038a6b20, 0x00000000038a6c30]
Event: 3.899 Thread 0x000000001bd73000 nmethod 778 0x00000000038ab390 code [0x00000000038ab600, 0x00000000038ad090]
Event: 3.904 Thread 0x000000001bd72800 nmethod 777 0x00000000038ae3d0 code [0x00000000038ae640, 0x00000000038afff0]
Event: 3.936 Thread 0x000000001bd73000  783       4       com.badlogic.gdx.graphics.Color::rgba8888 (33 bytes)
Event: 3.936 Thread 0x000000001bd73000 nmethod 783 0x00000000038aa3d0 code [0x00000000038aa540, 0x00000000038aa618]
Event: 3.989 Thread 0x000000001bd74800  784       1       java.nio.DirectFloatBufferU::isDirect (2 bytes)
Event: 3.990 Thread 0x000000001bd74800 nmethod 784 0x00000000038ab0d0 code [0x00000000038ab220, 0x00000000038ab330]

GC Heap History (0 events):
No events

Deoptimization events (2 events):
Event: 0.242 Thread 0x0000000003455800 Uncommon trap: reason=null_check action=make_not_entrant pc=0x000000000365d43c method=java.lang.String.equals(Ljava/lang/Object;)Z @ 8
Event: 3.750 Thread 0x000000001ca6e000 Uncommon trap: reason=unstable_if action=reinterpret pc=0x00000000037483e4 method=sun.misc.MetaIndex.mayContain(Ljava/lang/String;)Z @ 38

Classes redefined (0 events):
No events

Internal exceptions (10 events):
Event: 0.248 Thread 0x0000000003455800 Exception <a 'java/security/PrivilegedActionException'> (0x0000000780d89240) thrown at [C:\re\workspace\8-2-build-windows-amd64-cygwin\jdk8u161\10277\hotspot\src\share\vm\prims\jvm.cpp, line 1390]
Event: 0.546 Thread 0x0000000003455800 Exception <a 'java/security/PrivilegedActionException'> (0x0000000780f3f9d0) thrown at [C:\re\workspace\8-2-build-windows-amd64-cygwin\jdk8u161\10277\hotspot\src\share\vm\prims\jvm.cpp, line 1390]
Event: 0.546 Thread 0x0000000003455800 Exception <a 'java/security/PrivilegedActionException'> (0x0000000780f416a8) thrown at [C:\re\workspace\8-2-build-windows-amd64-cygwin\jdk8u161\10277\hotspot\src\share\vm\prims\jvm.cpp, line 1390]
Event: 0.546 Thread 0x0000000003455800 Exception <a 'java/security/PrivilegedActionException'> (0x0000000780f42818) thrown at [C:\re\workspace\8-2-build-windows-amd64-cygwin\jdk8u161\10277\hotspot\src\share\vm\prims\jvm.cpp, line 1390]
Event: 0.547 Thread 0x0000000003455800 Exception <a 'java/security/PrivilegedActionException'> (0x0000000780f47d58) thrown at [C:\re\workspace\8-2-build-windows-amd64-cygwin\jdk8u161\10277\hotspot\src\share\vm\prims\jvm.cpp, line 1390]
Event: 0.547 Thread 0x0000000003455800 Exception <a 'java/security/PrivilegedActionException'> (0x0000000780f489b0) thrown at [C:\re\workspace\8-2-build-windows-amd64-cygwin\jdk8u161\10277\hotspot\src\share\vm\prims\jvm.cpp, line 1390]
Event: 0.547 Thread 0x0000000003455800 Exception <a 'java/security/PrivilegedActionException'> (0x0000000780f495d8) thrown at [C:\re\workspace\8-2-build-windows-amd64-cygwin\jdk8u161\10277\hotspot\src\share\vm\prims\jvm.cpp, line 1390]
Event: 3.753 Thread 0x000000001ca6e000 Exception <a 'java/io/FileNotFoundException'> (0x0000000782132428) thrown at [C:\re\workspace\8-2-build-windows-amd64-cygwin\jdk8u161\10277\hotspot\src\share\vm\prims\jni.cpp, line 709]
Event: 3.785 Thread 0x000000001ca6e000 Exception <a 'java/lang/NoSuchFieldError': method resolution failed> (0x0000000782260f50) thrown at [C:\re\workspace\8-2-build-windows-amd64-cygwin\jdk8u161\10277\hotspot\src\share\vm\prims\methodHandles.cpp, line 1167]
Event: 3.786 Thread 0x000000001ca6e000 Exception <a 'java/lang/NoSuchFieldError': method resolution failed> (0x000000078226ecc8) thrown at [C:\re\workspace\8-2-build-windows-amd64-cygwin\jdk8u161\10277\hotspot\src\share\vm\prims\methodHandles.cpp, line 1167]

Events (10 events):
Event: 3.826 loading class java/awt/geom/Dimension2D done
Event: 3.826 loading class java/awt/Dimension done
Event: 3.865 loading class com/game/zombies/CharacterSelectScreen$1
Event: 3.865 loading class com/game/zombies/CharacterSelectScreen$1 done
Event: 3.866 loading class com/game/zombies/CharacterSelectScreen$2
Event: 3.866 loading class com/game/zombies/CharacterSelectScreen$2 done
Event: 3.866 loading class com/game/zombies/CharacterSelectScreen$3
Event: 3.866 loading class com/game/zombies/CharacterSelectScreen$3 done
Event: 3.867 loading class com/game/zombies/CharacterSelectScreen$4
Event: 3.867 loading class com/game/zombies/CharacterSelectScreen$4 done


Dynamic libraries:
0x00007ff6acf70000 - 0x00007ff6acfa7000 	C:\Program Files\Java\jdk1.8.0_161\bin\java.exe
0x00007ffcaef30000 - 0x00007ffcaf111000 	C:\WINDOWS\SYSTEM32\ntdll.dll
0x00007ffcae900000 - 0x00007ffcae9b2000 	C:\WINDOWS\System32\KERNEL32.DLL
0x00007ffcab380000 - 0x00007ffcab5f3000 	C:\WINDOWS\System32\KERNELBASE.dll
0x00007ffcace30000 - 0x00007ffcaced1000 	C:\WINDOWS\System32\ADVAPI32.dll
0x00007ffcac6b0000 - 0x00007ffcac74e000 	C:\WINDOWS\System32\msvcrt.dll
0x00007ffcaed00000 - 0x00007ffcaed5b000 	C:\WINDOWS\System32\sechost.dll
0x00007ffcaead0000 - 0x00007ffcaebf4000 	C:\WINDOWS\System32\RPCRT4.dll
0x00007ffcac860000 - 0x00007ffcac9f0000 	C:\WINDOWS\System32\USER32.dll
0x00007ffcac3a0000 - 0x00007ffcac3c0000 	C:\WINDOWS\System32\win32u.dll
0x00007ffcac680000 - 0x00007ffcac6a8000 	C:\WINDOWS\System32\GDI32.dll
0x00007ffcac200000 - 0x00007ffcac392000 	C:\WINDOWS\System32\gdi32full.dll
0x00007ffcac160000 - 0x00007ffcac1ff000 	C:\WINDOWS\System32\msvcp_win.dll
0x00007ffcab600000 - 0x00007ffcab6fa000 	C:\WINDOWS\System32\ucrtbase.dll
0x00007ffc95540000 - 0x00007ffc957a9000 	C:\WINDOWS\WinSxS\amd64_microsoft.windows.common-controls_6595b64144ccf1df_6.0.17134.523_none_fb409dd930672a56\COMCTL32.dll
0x00007ffcac9f0000 - 0x00007ffcacd12000 	C:\WINDOWS\System32\combase.dll
0x00007ffcab300000 - 0x00007ffcab37a000 	C:\WINDOWS\System32\bcryptPrimitives.dll
0x00007ffcaecd0000 - 0x00007ffcaecfd000 	C:\WINDOWS\System32\IMM32.DLL
0x0000000056f20000 - 0x0000000056ff2000 	C:\Program Files\Java\jdk1.8.0_161\jre\bin\msvcr100.dll
0x0000000056680000 - 0x0000000056f1f000 	C:\Program Files\Java\jdk1.8.0_161\jre\bin\server\jvm.dll
0x00007ffcac5a0000 - 0x00007ffcac5a8000 	C:\WINDOWS\System32\PSAPI.DLL
0x00007ffc98c50000 - 0x00007ffc98c59000 	C:\WINDOWS\SYSTEM32\WSOCK32.dll
0x00007ffca8590000 - 0x00007ffca85b3000 	C:\WINDOWS\SYSTEM32\WINMM.dll
0x00007ffcac750000 - 0x00007ffcac7bc000 	C:\WINDOWS\System32\WS2_32.dll
0x00007ffc99e70000 - 0x00007ffc99e7a000 	C:\WINDOWS\SYSTEM32\VERSION.dll
0x00007ffca8040000 - 0x00007ffca806a000 	C:\WINDOWS\SYSTEM32\WINMMBASE.dll
0x00007ffcac0b0000 - 0x00007ffcac0f9000 	C:\WINDOWS\System32\cfgmgr32.dll
0x0000000056670000 - 0x000000005667f000 	C:\Program Files\Java\jdk1.8.0_161\jre\bin\verify.dll
0x0000000056640000 - 0x0000000056669000 	C:\Program Files\Java\jdk1.8.0_161\jre\bin\java.dll
0x0000000056560000 - 0x0000000056583000 	C:\Program Files\Java\jdk1.8.0_161\jre\bin\instrument.dll
0x0000000056620000 - 0x0000000056636000 	C:\Program Files\Java\jdk1.8.0_161\jre\bin\zip.dll
0x00007ffcad4c0000 - 0x00007ffcae900000 	C:\WINDOWS\System32\SHELL32.dll
0x00007ffcaea20000 - 0x00007ffcaeac9000 	C:\WINDOWS\System32\shcore.dll
0x00007ffcab9a0000 - 0x00007ffcac0ad000 	C:\WINDOWS\System32\windows.storage.dll
0x00007ffcaec60000 - 0x00007ffcaecb1000 	C:\WINDOWS\System32\shlwapi.dll
0x00007ffcab270000 - 0x00007ffcab281000 	C:\WINDOWS\System32\kernel.appcore.dll
0x00007ffcab250000 - 0x00007ffcab26f000 	C:\WINDOWS\System32\profapi.dll
0x00007ffcab2b0000 - 0x00007ffcab2fc000 	C:\WINDOWS\System32\powrprof.dll
0x00007ffcab240000 - 0x00007ffcab24a000 	C:\WINDOWS\System32\FLTLIB.DLL
0x00007ffca2520000 - 0x00007ffca253a000 	C:\Program Files\JetBrains\IntelliJ IDEA Community Edition 2018.3.3\bin\breakgen64.dll
0x0000000056600000 - 0x000000005661a000 	C:\Program Files\Java\jdk1.8.0_161\jre\bin\net.dll
0x00007ffcaaa60000 - 0x00007ffcaaac6000 	C:\WINDOWS\system32\mswsock.dll
0x0000000065580000 - 0x0000000065616000 	C:\Users\anonh\AppData\Local\Temp\libgdxDaniel\12dfaa03\gdx64.dll
0x00007ffcaac10000 - 0x00007ffcaac27000 	C:\WINDOWS\SYSTEM32\CRYPTSP.dll
0x00007ffcaa640000 - 0x00007ffcaa673000 	C:\WINDOWS\system32\rsaenh.dll
0x00007ffcaad40000 - 0x00007ffcaad65000 	C:\WINDOWS\SYSTEM32\bcrypt.dll
0x00007ffcab170000 - 0x00007ffcab198000 	C:\WINDOWS\SYSTEM32\USERENV.dll
0x00007ffcaac30000 - 0x00007ffcaac3b000 	C:\WINDOWS\SYSTEM32\CRYPTBASE.dll
0x00007ffcaa7e0000 - 0x00007ffcaa818000 	C:\WINDOWS\SYSTEM32\IPHLPAPI.DLL
0x00007ffcaecc0000 - 0x00007ffcaecc8000 	C:\WINDOWS\System32\NSI.dll
0x00007ffca37c0000 - 0x00007ffca37d6000 	C:\WINDOWS\SYSTEM32\dhcpcsvc6.DLL
0x00007ffca40d0000 - 0x00007ffca40ea000 	C:\WINDOWS\SYSTEM32\dhcpcsvc.DLL
0x00000000565e0000 - 0x00000000565f1000 	C:\Program Files\Java\jdk1.8.0_161\jre\bin\nio.dll
0x0000000180000000 - 0x0000000180053000 	C:\Users\anonh\AppData\Local\Temp\libgdxDaniel\dc0f0009\lwjgl64.dll
0x00007ffc897a0000 - 0x00007ffc898c0000 	C:\WINDOWS\SYSTEM32\OPENGL32.dll
0x00007ffc8a2f0000 - 0x00007ffc8a31c000 	C:\WINDOWS\SYSTEM32\GLU32.dll
0x000000001d180000 - 0x000000001d1e4000 	C:\Users\anonh\AppData\Local\Temp\libgdxDaniel\dc0f0009\OpenAL64.dll
0x00007ffcac440000 - 0x00007ffcac591000 	C:\WINDOWS\System32\ole32.dll
0x00007ffca91c0000 - 0x00007ffca9258000 	C:\WINDOWS\system32\uxtheme.dll
0x00007ffcac7c0000 - 0x00007ffcac860000 	C:\WINDOWS\System32\clbcatq.dll
0x00007ffca99d0000 - 0x00007ffca9b84000 	C:\WINDOWS\System32\PROPSYS.dll
0x00007ffcac5b0000 - 0x00007ffcac672000 	C:\WINDOWS\System32\OLEAUT32.dll
0x00007ffc804b0000 - 0x00007ffc8053f000 	C:\WINDOWS\SYSTEM32\dsound.dll
0x00007ffc9d670000 - 0x00007ffc9d6e6000 	C:\WINDOWS\System32\MMDevApi.dll
0x00007ffcaaff0000 - 0x00007ffcab017000 	C:\WINDOWS\System32\DEVOBJ.dll
0x00007ffc9aaf0000 - 0x00007ffc9ac1c000 	C:\WINDOWS\SYSTEM32\AUDIOSES.DLL
0x00007ffca75b0000 - 0x00007ffca76fd000 	C:\WINDOWS\SYSTEM32\wintypes.dll
0x00007ffca4030000 - 0x00007ffca403a000 	C:\WINDOWS\SYSTEM32\AVRT.dll
0x00007ffcacef0000 - 0x00007ffcad063000 	C:\WINDOWS\System32\MSCTF.dll
0x00007ffca9310000 - 0x00007ffca9339000 	C:\WINDOWS\system32\dwmapi.dll
0x00007ffc9fa80000 - 0x00007ffc9fb16000 	C:\WINDOWS\System32\TextInputFramework.dll
0x00007ffca7a90000 - 0x00007ffca7b6a000 	C:\WINDOWS\System32\CoreMessaging.dll
0x00007ffca3160000 - 0x00007ffca347e000 	C:\WINDOWS\System32\CoreUIComponents.dll
0x00007ffcaa3b0000 - 0x00007ffcaa3e1000 	C:\WINDOWS\SYSTEM32\ntmarta.dll
0x00007ffc55f00000 - 0x00007ffc56dd7000 	C:\WINDOWS\System32\DriverStore\FileRepository\igdlh64.inf_amd64_ef5ab69e3a8baed2\ig9icd64.dll
0x00007ffca83b0000 - 0x00007ffca83c3000 	C:\WINDOWS\SYSTEM32\WTSAPI32.dll
0x00007ffca85e0000 - 0x00007ffca8688000 	C:\WINDOWS\SYSTEM32\mscms.dll
0x00007ffc8fff0000 - 0x00007ffc90000000 	C:\WINDOWS\SYSTEM32\ColorAdapterClient.dll
0x00007ffc92430000 - 0x00007ffc92473000 	C:\WINDOWS\SYSTEM32\icm32.dll
0x00007ffc9ff30000 - 0x00007ffca1532000 	C:\WINDOWS\System32\DriverStore\FileRepository\igdlh64.inf_amd64_ef5ab69e3a8baed2\igc64.dll
0x000000006a740000 - 0x000000006a7f1000 	C:\Users\anonh\AppData\Local\Temp\libgdxDaniel\a04a55a\gdx-freetype64.dll
0x00000000563c0000 - 0x0000000056558000 	C:\Program Files\Java\jdk1.8.0_161\jre\bin\awt.dll
0x00007ffca8b00000 - 0x00007ffca8b8b000 	C:\WINDOWS\SYSTEM32\apphelp.dll
0x00007ffca9d00000 - 0x00007ffca9ec9000 	C:\WINDOWS\SYSTEM32\dbghelp.dll

VM Arguments:
jvm_args: -javaagent:C:\Program Files\JetBrains\IntelliJ IDEA Community Edition 2018.3.3\lib\idea_rt.jar=4713:C:\Program Files\JetBrains\IntelliJ IDEA Community Edition 2018.3.3\bin -Dfile.encoding=UTF-8 
java_command: com.game.zombies.desktop.DesktopLauncher
java_class_path (initial): C:\Program Files\Java\jdk1.8.0_161\jre\lib\charsets.jar;C:\Program Files\Java\jdk1.8.0_161\jre\lib\deploy.jar;C:\Program Files\Java\jdk1.8.0_161\jre\lib\ext\access-bridge-64.jar;C:\Program Files\Java\jdk1.8.0_161\jre\lib\ext\cldrdata.jar;C:\Program Files\Java\jdk1.8.0_161\jre\lib\ext\dnsns.jar;C:\Program Files\Java\jdk1.8.0_161\jre\lib\ext\jaccess.jar;C:\Program Files\Java\jdk1.8.0_161\jre\lib\ext\jfxrt.jar;C:\Program Files\Java\jdk1.8.0_161\jre\lib\ext\localedata.jar;C:\Program Files\Java\jdk1.8.0_161\jre\lib\ext\nashorn.jar;C:\Program Files\Java\jdk1.8.0_161\jre\lib\ext\sunec.jar;C:\Program Files\Java\jdk1.8.0_161\jre\lib\ext\sunjce_provider.jar;C:\Program Files\Java\jdk1.8.0_161\jre\lib\ext\sunmscapi.jar;C:\Program Files\Java\jdk1.8.0_161\jre\lib\ext\sunpkcs11.jar;C:\Program Files\Java\jdk1.8.0_161\jre\lib\ext\zipfs.jar;C:\Program Files\Java\jdk1.8.0_161\jre\lib\javaws.jar;C:\Program Files\Java\jdk1.8.0_161\jre\lib\jce.jar;C:\Program Files\Java\jdk1.8.0_161\jre\lib\jfr.jar;C:\Program Files\Java\jdk1.8.0_161\jre\lib\jfxswt.jar;C:\Program Files\Java\jdk1.8.0_161\jre\lib\jsse.jar;C:\Program Files\Java\jdk1.8.0_161\jre\lib\management-agent.jar;C:\Program Files\Java\jdk1.8.0_161\jre\lib\plugin.jar;C:\Program Files\Java\jdk1.8.0_161\jre\lib\resources.jar;C:\Program Files\Java\jdk1.8.0_161\jre\lib\rt.jar;C:\Users\anonh\Documents\SEPR\Project\SEPR-master\src\desktop\out\production\classes;C:\Users\anonh\Documents\SEPR\Project\SEPR-master\src\core\out\production\classes;C:\Users\anonh\.gradle\caches\modules-2\files-2.1\com.badlogicgames.gdx\gdx-tools\1.9.8\5c32820fccee957cc77990d353297ceed1a63159\gdx-tools-1.9.8.jar;C:\Users\anonh\.gradle\caches\modules-2\files-2.1\com.badlogicgames.gdx\gdx-backend-lwjgl\1.9.8\b7c138f14ed67ad830ae7597da3d86ae02b20eee\gdx-backend-lwjgl-1.9.8.jar;C:\Users\anonh\.gradle\caches\modules-2\files-2.1\com.badlogicgames.gdx\gdx-platform\1.9.8\604a2ef2c7c92a5900114757cbd3fb4dcbb8270c\gdx-platform-1.9.8-natives-desktop.j
Launcher Type: SUN_STANDARD

Environment Variables:
PATH=C:\Program Files (x86)\Common Files\Oracle\Java\javapath;C:\Program Files\Haskell\bin;C:\Program Files\Haskell Platform\8.4.3\lib\extralibs\bin;C:\Program Files\Haskell Platform\8.4.3\bin;C:\ProgramData\Oracle\Java\javapath;C:\Program Files (x86)\Common Files\Intel\Shared Files\cpp\bin\Intel64;C:\Program Files (x86)\Intel\iCLS Client\;C:\Program Files\Intel\iCLS Client\;C:\WINDOWS\system32;C:\WINDOWS;C:\WINDOWS\System32\Wbem;C:\WINDOWS\System32\WindowsPowerShell\v1.0\;C:\Program Files (x86)\Intel\Intel(R) Management Engine Components\DAL;C:\Program Files\Intel\Intel(R) Management Engine Components\DAL;C:\Program Files (x86)\Intel\Intel(R) Management Engine Components\IPT;C:\Program Files\Intel\Intel(R) Management Engine Components\IPT;C:\WINDOWS\system32\config\systemprofile\.dnx\bin;C:\Program Files\Microsoft DNX\Dnvm\;C:\Program Files\Microsoft SQL Server\130\Tools\Binn\;C:\Program Files (x86)\Windows Live\Shared;C:\Program Files (x86)\Windows Kits\10\Windows Performance Toolkit\;C:\Program Files (x86)\GtkSharp\2.12\bin;C:\Program Files (x86)\Skype\Phone\;C:\WINDOWS\System32\OpenSSH\;C:\Program Files\Haskell Platform\8.4.3\mingw\bin;C:\Program Files\MATLAB\R2018b\bin;C:\Users\anonh\AppData\Roaming\cabal\bin;C:\Users\anonh\AppData\Roaming\local\bin;C:\Users\anonh\AppData\Local\Microsoft\WindowsApps;C:\Users\anonh\AppData\Roaming\Dashlane\4.6.3.20239\bin\Firefox_Extension\{442718d9-475e-452a-b3e1-fb1ee16b8e9f}\components;C:\Users\anonh\AppData\Roaming\Dashlane\4.6.5.21982\bin\Firefox_Extension\{442718d9-475e-452a-b3e1-fb1ee16b8e9f}\components;C:\Users\anonh\AppData\Roaming\Dashlane\4.6.6.23032\bin\Firefox_Extension\{442718d9-475e-452a-b3e1-fb1ee16b8e9f}\components;%DASHLANE_DLL_DIR%
USERNAME=Daniel
OS=Windows_NT
PROCESSOR_IDENTIFIER=Intel64 Family 6 Model 78 Stepping 3, GenuineIntel



---------------  S Y S T E M  ---------------

OS: Windows 10.0 , 64 bit Build 17134 (10.0.17134.1)

CPU:total 4 (initial active 4) (2 cores per cpu, 2 threads per core) family 6 model 78 stepping 3, cmov, cx8, fxsr, mmx, sse, sse2, sse3, ssse3, sse4.1, sse4.2, popcnt, avx, avx2, aes, clmul, erms, 3dnowpref, lzcnt, ht, tsc, tscinvbit, bmi1, bmi2, adx

Memory: 4k page, physical 12479992k(6602032k free), swap 14380536k(6129792k free)

vm_info: Java HotSpot(TM) 64-Bit Server VM (25.161-b12) for windows-amd64 JRE (1.8.0_161-b12), built on Dec 19 2017 17:52:25 by "java_re" with MS VC++ 10.0 (VS2010)

time: Mon Jan 14 20:59:49 2019
elapsed time: 4 seconds (0d 0h 0m 4s)

